Build started 10.12.2013 02:36:08.
     1>Project "E:\GitHub\LeapMotionOculusKeyboard\LeapMotionOculusKeyboard\LeapMotionOculusKeyboard.vcxproj" on node 2 (build target(s)).
     1>InitializeBuildStatus:
         Creating "Debug\LeapMotionOculusKeyboard.unsuccessfulbuild" because "AlwaysCreate" was specified.
       ClCompile:
         d:\Program Files (x86)\Microsoft Visual Studio 10.0\VC\bin\CL.exe /c /I"E:\GitHub\LeapMotionOculusKeyboard\\Libs\glew-1.10.0\include" /I"E:\GitHub\LeapMotionOculusKeyboard\\Libs\SFML-2.1\include" /IE:\GitHub\LeapMotionOculusKeyboard\\Libs\LeapDeveloperKit_release_win_1.0.8+7665\LeapSDK\include /IE:\GitHub\LeapMotionOculusKeyboard\\Libs\ovr_sdk_win_0.2.5c\OculusSDK\LibOVR\Include /ZI /nologo /W3 /WX- /Od /Oy- /D WIN32 /D _DEBUG /D _CONSOLE /D _UNICODE /D UNICODE /Gm /EHsc /RTC1 /MDd /GS /fp:precise /Zc:wchar_t /Zc:forScope /Fo"Debug\\" /Fd"Debug\vc100.pdb" /Gd /TP /analyze- /errorReport:prompt source\main.cpp
         main.cpp
       ManifestResourceCompile:
         All outputs are up-to-date.
       Link:
         d:\Program Files (x86)\Microsoft Visual Studio 10.0\VC\bin\link.exe /ERRORREPORT:PROMPT /OUT:"E:\GitHub\LeapMotionOculusKeyboard\Debug\LeapMotionOculusKeyboard.exe" /INCREMENTAL /NOLOGO /LIBPATH:E:\GitHub\LeapMotionOculusKeyboard\\Libs\ovr_sdk_win_0.2.5c\OculusSDK\LibOVR\Lib\Win32 /LIBPATH:"E:\GitHub\LeapMotionOculusKeyboard\\Libs\glew-1.10.0\lib\Debug\Win32" /LIBPATH:"E:\GitHub\LeapMotionOculusKeyboard\\Libs\SFML-2.1\lib" /LIBPATH:E:\GitHub\LeapMotionOculusKeyboard\\Libs\LeapDeveloperKit_release_win_1.0.8+7665\LeapSDK\lib\x86 winmm.lib libovrd.lib glu32.lib opengl32.lib glew32d.lib Leapd.lib "sfml-network-d.lib" "sfml-system-d.lib" "sfml-main-d.lib" "sfml-audio-d.lib" "sfml-graphics-d.lib" "sfml-window-d.lib" kernel32.lib user32.lib gdi32.lib winspool.lib comdlg32.lib advapi32.lib shell32.lib ole32.lib oleaut32.lib uuid.lib odbc32.lib odbccp32.lib kernel32.lib user32.lib gdi32.lib winspool.lib comdlg32.lib advapi32.lib shell32.lib ole32.lib oleaut32.lib uuid.lib odbc32.lib odbccp32.lib /MANIFEST /ManifestFile:"Debug\LeapMotionOculusKeyboard.exe.intermediate.manifest" /MANIFESTUAC:"level='asInvoker' uiAccess='false'" /DEBUG /PDB:"E:\GitHub\LeapMotionOculusKeyboard\Debug\LeapMotionOculusKeyboard.pdb" /SUBSYSTEM:CONSOLE /TLBID:1 /DYNAMICBASE /NXCOMPAT /IMPLIB:"E:\GitHub\LeapMotionOculusKeyboard\Debug\LeapMotionOculusKeyboard.lib" /MACHINE:X86 Debug\LeapMotionOculusKeyboard.exe.embed.manifest.res
         Debug\Cam.obj
         Debug\LeapListener.obj
         Debug\LMOC.obj
         Debug\main.obj
         Debug\Matrices.obj
         Debug\ResourcePath.obj
       Manifest:
         C:\Program Files (x86)\Microsoft SDKs\Windows\v7.0A\bin\mt.exe /nologo /verbose /out:"Debug\LeapMotionOculusKeyboard.exe.embed.manifest" /manifest Debug\LeapMotionOculusKeyboard.exe.intermediate.manifest
         All outputs are up-to-date.
       LinkEmbedManifest:
         All outputs are up-to-date.
         LeapMotionOculusKeyboard.vcxproj -> E:\GitHub\LeapMotionOculusKeyboard\Debug\LeapMotionOculusKeyboard.exe
       FinalizeBuildStatus:
         Deleting file "Debug\LeapMotionOculusKeyboard.unsuccessfulbuild".
         Touching "Debug\LeapMotionOculusKeyboard.lastbuildstate".
     1>Done Building Project "E:\GitHub\LeapMotionOculusKeyboard\LeapMotionOculusKeyboard\LeapMotionOculusKeyboard.vcxproj" (build target(s)).

Build succeeded.

Time Elapsed 00:00:01.50
