E:\GitHub\LeapMotionOculusKeyboard\Debug\LeapMotionOculusKeyboard.pdb
E:\GITHUB\LEAPMOTIONOCULUSKEYBOARD\LEAPMOTIONOCULUSKEYBOARD\DEBUG\CAM.OBJ
E:\GitHub\LeapMotionOculusKeyboard\LeapMotionOculusKeyboard\Debug\cl.command.1.tlog
E:\GitHub\LeapMotionOculusKeyboard\LeapMotionOculusKeyboard\Debug\CL.read.1.tlog
E:\GitHub\LeapMotionOculusKeyboard\LeapMotionOculusKeyboard\Debug\CL.write.1.tlog
E:\GITHUB\LEAPMOTIONOCULUSKEYBOARD\LEAPMOTIONOCULUSKEYBOARD\DEBUG\LEAPLISTENER.OBJ
E:\GitHub\LeapMotionOculusKeyboard\LeapMotionOculusKeyboard\Debug\LeapMotionOculusKeyboard.exe.embed.manifest
E:\GITHUB\LEAPMOTIONOCULUSKEYBOARD\LEAPMOTIONOCULUSKEYBOARD\DEBUG\LEAPMOTIONOCULUSKEYBOARD.EXE.EMBED.MANIFEST.RES
E:\GitHub\LeapMotionOculusKeyboard\LeapMotionOculusKeyboard\Debug\LeapMotionOculusKeyboard.exe.intermediate.manifest
E:\GitHub\LeapMotionOculusKeyboard\LeapMotionOculusKeyboard\Debug\LeapMotionOculusKeyboard.write.1.tlog
E:\GitHub\LeapMotionOculusKeyboard\LeapMotionOculusKeyboard\Debug\LeapMotionOculusKeyboard_manifest.rc
E:\GitHub\LeapMotionOculusKeyboard\LeapMotionOculusKeyboard\Debug\link.command.1.tlog
E:\GitHub\LeapMotionOculusKeyboard\LeapMotionOculusKeyboard\Debug\link.read.1.tlog
E:\GitHub\LeapMotionOculusKeyboard\LeapMotionOculusKeyboard\Debug\link.write.1.tlog
E:\GitHub\LeapMotionOculusKeyboard\LeapMotionOculusKeyboard\Debug\link-cvtres.read.1.tlog
E:\GitHub\LeapMotionOculusKeyboard\LeapMotionOculusKeyboard\Debug\link-cvtres.write.1.tlog
E:\GITHUB\LEAPMOTIONOCULUSKEYBOARD\LEAPMOTIONOCULUSKEYBOARD\DEBUG\LMOC.OBJ
E:\GITHUB\LEAPMOTIONOCULUSKEYBOARD\LEAPMOTIONOCULUSKEYBOARD\DEBUG\MAIN.OBJ
E:\GITHUB\LEAPMOTIONOCULUSKEYBOARD\LEAPMOTIONOCULUSKEYBOARD\DEBUG\MATRICES.OBJ
E:\GitHub\LeapMotionOculusKeyboard\LeapMotionOculusKeyboard\Debug\rc.command.1.tlog
E:\GitHub\LeapMotionOculusKeyboard\LeapMotionOculusKeyboard\Debug\rc.read.1.tlog
E:\GitHub\LeapMotionOculusKeyboard\LeapMotionOculusKeyboard\Debug\rc.write.1.tlog
E:\GITHUB\LEAPMOTIONOCULUSKEYBOARD\LEAPMOTIONOCULUSKEYBOARD\DEBUG\RESOURCEPATH.OBJ
E:\GitHub\LeapMotionOculusKeyboard\LeapMotionOculusKeyboard\Debug\vc100.idb
E:\GITHUB\LEAPMOTIONOCULUSKEYBOARD\LEAPMOTIONOCULUSKEYBOARD\DEBUG\VC100.PDB
