C:\USERS\GRIN\DESKTOP\CG\LEAPMOTIONOCULUSKEYBOARD\LEAPMOTIONOCULUSKEYBOARD\RELEASE\LEAPMOTIONOCULUSKEYBOARD.EXE.INTERMEDIATE.MANIFEST
C:\USERS\GRIN\DESKTOP\CG\LEAPMOTIONOCULUSKEYBOARD\LEAPMOTIONOCULUSKEYBOARD\RELEASE\MAIN.OBJ
C:\USERS\GRIN\DESKTOP\CG\LEAPMOTIONOCULUSKEYBOARD\LEAPMOTIONOCULUSKEYBOARD\RELEASE\VC100.PDB
C:\USERS\GRIN\DESKTOP\CG\LEAPMOTIONOCULUSKEYBOARD\RELEASE\LEAPMOTIONOCULUSKEYBOARD.EXE
C:\USERS\GRIN\DESKTOP\CG\LEAPMOTIONOCULUSKEYBOARD\RELEASE\LEAPMOTIONOCULUSKEYBOARD.PDB
E:\GITHUB\LEAPMOTIONOCULUSKEYBOARD\LEAPMOTIONOCULUSKEYBOARD\RELEASE\CAM.OBJ
E:\GitHub\LeapMotionOculusKeyboard\LeapMotionOculusKeyboard\Release\cl.command.1.tlog
E:\GitHub\LeapMotionOculusKeyboard\LeapMotionOculusKeyboard\Release\CL.read.1.tlog
E:\GitHub\LeapMotionOculusKeyboard\LeapMotionOculusKeyboard\Release\CL.write.1.tlog
E:\GITHUB\LEAPMOTIONOCULUSKEYBOARD\LEAPMOTIONOCULUSKEYBOARD\RELEASE\LEAPLISTENER.OBJ
E:\GITHUB\LEAPMOTIONOCULUSKEYBOARD\LEAPMOTIONOCULUSKEYBOARD\RELEASE\LEAPMOTIONOCULUSKEYBOARD.EXE.INTERMEDIATE.MANIFEST
E:\GitHub\LeapMotionOculusKeyboard\LeapMotionOculusKeyboard\Release\LeapMotionOculusKeyboard.vcxprojResolveAssemblyReference.cache
E:\GitHub\LeapMotionOculusKeyboard\LeapMotionOculusKeyboard\Release\LeapMotionOculusKeyboard.write.1.tlog
E:\GitHub\LeapMotionOculusKeyboard\LeapMotionOculusKeyboard\Release\link.command.1.tlog
E:\GitHub\LeapMotionOculusKeyboard\LeapMotionOculusKeyboard\Release\link.read.1.tlog
E:\GitHub\LeapMotionOculusKeyboard\LeapMotionOculusKeyboard\Release\link.write.1.tlog
E:\GITHUB\LEAPMOTIONOCULUSKEYBOARD\LEAPMOTIONOCULUSKEYBOARD\RELEASE\LMOC.OBJ
E:\GITHUB\LEAPMOTIONOCULUSKEYBOARD\LEAPMOTIONOCULUSKEYBOARD\RELEASE\MAIN.OBJ
E:\GITHUB\LEAPMOTIONOCULUSKEYBOARD\LEAPMOTIONOCULUSKEYBOARD\RELEASE\MATRICES.OBJ
E:\GitHub\LeapMotionOculusKeyboard\LeapMotionOculusKeyboard\Release\mt.command.1.tlog
E:\GitHub\LeapMotionOculusKeyboard\LeapMotionOculusKeyboard\Release\mt.read.1.tlog
E:\GitHub\LeapMotionOculusKeyboard\LeapMotionOculusKeyboard\Release\mt.write.1.tlog
E:\GITHUB\LEAPMOTIONOCULUSKEYBOARD\LEAPMOTIONOCULUSKEYBOARD\RELEASE\RESOURCEPATH.OBJ
E:\GITHUB\LEAPMOTIONOCULUSKEYBOARD\LEAPMOTIONOCULUSKEYBOARD\RELEASE\VC100.PDB
E:\GITHUB\LEAPMOTIONOCULUSKEYBOARD\RELEASE\LEAPMOTIONOCULUSKEYBOARD.EXE
E:\GITHUB\LEAPMOTIONOCULUSKEYBOARD\RELEASE\LEAPMOTIONOCULUSKEYBOARD.PDB
